-------------------------------------------------------------------------------
Test set: resrvationTest
-------------------------------------------------------------------------------
Tests run: 7, Failures: 2, Errors: 0, Skipped: 0, Time elapsed: 1.812 s <<< FAILURE! - in resrvationTest
resrvationFord  Time elapsed: 0.144 s  <<< FAILURE!
org.opentest4j.AssertionFailedError: expected: <201> but was: <400>
	at resrvationTest.resrvationFord(resrvationTest.java:134)

resrvationVats  Time elapsed: 0.185 s  <<< FAILURE!
org.opentest4j.AssertionFailedError: expected: <201> but was: <400>
	at resrvationTest.resrvationVats(resrvationTest.java:200)

