<?xml version="1.0" encoding="UTF-8"?>
<testsuite xmlns:xsi="http://www.w3.org/2001/XMLSchema-instance" xsi:noNamespaceSchemaLocation="https://maven.apache.org/surefire/maven-surefire-plugin/xsd/surefire-test-report.xsd" name="resrvationTest" time="1.812" tests="7" errors="0" skipped="0" failures="2">
  <properties>
[...]
</properties>
  <testcase name="resrvationed" classname="resrvationTest" time="0.303"/>
  <testcase name="resrvationFord" classname="resrvationTest" time="0.144">
    <failure message="expected: &lt;201&gt; but was: &lt;400&gt;" type="org.opentest4j.AssertionFailedError"><![CDATA[org.opentest4j.AssertionFailedError: expected: <201> but was: <400>
	at resrvationTest.resrvationFord(resrvationTest.java:134)
]]></failure>
    <system-out><![CDATA[Request method:	POST
Request URI:	http://172.20.207.16/api/client-relations/tasks-full/booking-rented-car-ford
Proxy:			<none>
Request params:	<none>
Query params:	<none>
Form params:	<none>
Path params:	<none>
Headers:		Authorization=Bearer eyJhbGciOiJIUzUxMiJ9.eyJzdWIiOiJEQ2hlcm5pa292QHNiZXJjaXR5LnJ1IiwiZXhwIjoxNzY0NjYxNDc1LCJyb2xlcyI6eyJpZCI6ImNjZWQ0NTg1LWUzNTgtNDBiZi04NjE0LTAxYjBiZDM5NDM5YiIsIm5hbWUiOiLQkNC00LzQuNC90LjRgdGC0YDQsNGC0L7RgCIsImdyb3VwQWNjZXNzZXMiOlt7ImlkIjoiMTQwYTAyMTAtZDFkMS00MzllLWIzYTQtMGVlNWJlNmQyOWQyIiwibmFtZSI6ItCQ0LTQvNC40L3QuNGB0YLRgNCw0YLQvtGAIC0g0L_QvtC70L3Ri9C5INC00L7RgdGC0YPQvyJ9XX0sImZpcnN0TmFtZSI6ItCn0LXRgNC90LjQutC-0LIg0JTQvNC40YLRgNC40Lkg0JLQuNGC0LDQu9GM0LXQstC40YciLCJpZCI6IjAxYmI2NmNjLTY0NTYtNDFjZS05ZmI3LWFkMzhjMjVmZWE0MyIsImVtcGxveWVlSWQiOiJiNjlmMGFmMC00M2JkLTRhMzctYjNjMS1mNjhjMTIzZmRlMGMiLCJpc0NvbnRyYWN0b3IiOmZhbHNlLCJzZXNzaW9uSWQiOiI4MTg5NGMwNC1kMTlmLTRmMDktODIwOC0yYmY0NmUxOTRlOWUifQ.J1xzJa4Xtn_sSdOhfUKkxqie-hGqFZdr836hWn5NDuERNKy2_K2q7HlA7R40OX3nSl4s3BL0NkuM5JXhAdqWEw
				Accept=*/*
				Content-Type=application/json; charset=UTF-8
Cookies:		<none>
Multiparts:		<none>
Body:
{
    "destination": "Автотест",
    "startDate": "2025-12-01 11:00:35.575",
    "endDate": "2025-12-01 11:30:35.575",
    "objectUkId": "b71a6e71-da3a-46e7-a86f-0e0f0f8ccf67"
}
HTTP/1.1 400 Bad Request
Server: nginx
Date: Mon, 01 Dec 2025 07:44:35 GMT
Content-Type: application/json
Transfer-Encoding: chunked
Connection: keep-alive
X-Content-Type-Options: nosniff
X-XSS-Protection: 0
Cache-Control: no-cache, no-store, max-age=0, must-revalidate
Pragma: no-cache
Expires: 0
X-Frame-Options: DENY

{
    "type": "CommonException",
    "message": "At this time, all cars are booked",
    "messages": null,
    "detail": null
}
]]></system-out>
  </testcase>
  <testcase name="resrvationVats" classname="resrvationTest" time="0.185">
    <failure message="expected: &lt;201&gt; but was: &lt;400&gt;" type="org.opentest4j.AssertionFailedError"><![CDATA[org.opentest4j.AssertionFailedError: expected: <201> but was: <400>
	at resrvationTest.resrvationVats(resrvationTest.java:200)
]]></failure>
    <system-out><![CDATA[Request method:	POST
Request URI:	http://172.20.207.16/api/client-relations/tasks-full/booking-rented-car-hav
Proxy:			<none>
Request params:	<none>
Query params:	<none>
Form params:	<none>
Path params:	<none>
Headers:		Authorization=Bearer eyJhbGciOiJIUzUxMiJ9.eyJzdWIiOiJEQ2hlcm5pa292QHNiZXJjaXR5LnJ1IiwiZXhwIjoxNzY0NjYxNDc1LCJyb2xlcyI6eyJpZCI6ImNjZWQ0NTg1LWUzNTgtNDBiZi04NjE0LTAxYjBiZDM5NDM5YiIsIm5hbWUiOiLQkNC00LzQuNC90LjRgdGC0YDQsNGC0L7RgCIsImdyb3VwQWNjZXNzZXMiOlt7ImlkIjoiMTQwYTAyMTAtZDFkMS00MzllLWIzYTQtMGVlNWJlNmQyOWQyIiwibmFtZSI6ItCQ0LTQvNC40L3QuNGB0YLRgNCw0YLQvtGAIC0g0L_QvtC70L3Ri9C5INC00L7RgdGC0YPQvyJ9XX0sImZpcnN0TmFtZSI6ItCn0LXRgNC90LjQutC-0LIg0JTQvNC40YLRgNC40Lkg0JLQuNGC0LDQu9GM0LXQstC40YciLCJpZCI6IjAxYmI2NmNjLTY0NTYtNDFjZS05ZmI3LWFkMzhjMjVmZWE0MyIsImVtcGxveWVlSWQiOiJiNjlmMGFmMC00M2JkLTRhMzctYjNjMS1mNjhjMTIzZmRlMGMiLCJpc0NvbnRyYWN0b3IiOmZhbHNlLCJzZXNzaW9uSWQiOiJkM2UwYTk0OS1iZDhhLTQ3MmYtYmNmNy0yZGFlNTk2M2E3MTMifQ.27dxvIFhoLgCbp4YIkeJSGj4lTrwFXtmODp59UMztA7QIFU0Yn4CzNvMW3_9xo8hFOMO_bdJ4w1c0R0VsWOELQ
				Accept=*/*
				Content-Type=application/json; charset=UTF-8
Cookies:		<none>
Multiparts:		<none>
Body:
{
    "destination": "Автотест",
    "startDate": "2025-12-01 11:00:35.907",
    "endDate": "2025-12-01 11:30:35.907",
    "objectUkId": "f239537b-c3bf-4ded-8b10-ef1dc8ff55ac"
}
HTTP/1.1 400 Bad Request
Server: nginx
Date: Mon, 01 Dec 2025 07:44:35 GMT
Content-Type: application/json
Transfer-Encoding: chunked
Connection: keep-alive
X-Content-Type-Options: nosniff
X-XSS-Protection: 0
Cache-Control: no-cache, no-store, max-age=0, must-revalidate
Pragma: no-cache
Expires: 0
X-Frame-Options: DENY

{
    "type": "CommonException",
    "message": "At this time, all cars are booked",
    "messages": null,
    "detail": null
}
]]></system-out>
  </testcase>
  <testcase name="GetReservationFord" classname="resrvationTest" time="0.086"/>
  <testcase name="GetReservationNiva" classname="resrvationTest" time="0.001"/>
  <testcase name="GetReservationVats" classname="resrvationTest" time="0.182"/>
  <testcase name="GetReservation" classname="resrvationTest" time="0.181"/>
</testsuite>